{"/home/rakriss/Rep_Dev/nourria/nourria-api/src/__tests__/mocks.ts": {"path":"/home/rakriss/Rep_Dev/nourria/nourria-api/src/__tests__/mocks.ts","statementMap":{"0":{"start":{"line":5,"column":0},"end":{"line":9,"column":4}},"1":{"start":{"line":5,"column":36},"end":{"line":9,"column":2}},"2":{"start":{"line":13,"column":0},"end":{"line":15,"column":4}},"3":{"start":{"line":13,"column":38},"end":{"line":15,"column":2}},"4":{"start":{"line":14,"column":36},"end":{"line":14,"column":54}},"5":{"start":{"line":1,"column":13},"end":{"line":1,"column":40}},"6":{"start":{"line":2,"column":13},"end":{"line":2,"column":46}},"7":{"start":{"line":3,"column":13},"end":{"line":3,"column":45}},"8":{"start":{"line":11,"column":13},"end":{"line":11,"column":34}}},"fnMap":{"0":{"name":"(anonymous_0)","decl":{"start":{"line":5,"column":29},"end":{"line":5,"column":32}},"loc":{"start":{"line":5,"column":36},"end":{"line":9,"column":2}}},"1":{"name":"(anonymous_1)","decl":{"start":{"line":13,"column":31},"end":{"line":13,"column":34}},"loc":{"start":{"line":13,"column":38},"end":{"line":15,"column":2}}},"2":{"name":"(anonymous_2)","decl":{"start":{"line":14,"column":29},"end":{"line":14,"column":32}},"loc":{"start":{"line":14,"column":36},"end":{"line":14,"column":54}}}},"branchMap":{},"s":{"0":3,"1":1,"2":3,"3":3,"4":14,"5":3,"6":3,"7":3,"8":3},"f":{"0":1,"1":3,"2":14},"b":{}}
,"/home/rakriss/Rep_Dev/nourria/nourria-api/src/middleware/errorHandler.ts": {"path":"/home/rakriss/Rep_Dev/nourria/nourria-api/src/middleware/errorHandler.ts","statementMap":{"0":{"start":{"line":32,"column":0},"end":{"line":32,"column":16}},"1":{"start":{"line":9,"column":4},"end":{"line":9,"column":19}},"2":{"start":{"line":5,"column":20},"end":{"line":5,"column":32}},"3":{"start":{"line":7,"column":20},"end":{"line":7,"column":41}},"4":{"start":{"line":10,"column":4},"end":{"line":10,"column":31}},"5":{"start":{"line":3,"column":0},"end":{"line":3,"column":13}},"6":{"start":{"line":16,"column":4},"end":{"line":16,"column":44}},"7":{"start":{"line":14,"column":0},"end":{"line":14,"column":13}},"8":{"start":{"line":22,"column":21},"end":{"line":27,"column":6}},"9":{"start":{"line":28,"column":4},"end":{"line":28,"column":56}},"10":{"start":{"line":20,"column":0},"end":{"line":20,"column":13}},"11":{"start":{"line":38,"column":2},"end":{"line":43,"column":3}},"12":{"start":{"line":39,"column":4},"end":{"line":41,"column":7}},"13":{"start":{"line":42,"column":4},"end":{"line":42,"column":11}},"14":{"start":{"line":44,"column":2},"end":{"line":44,"column":53}},"15":{"start":{"line":45,"column":2},"end":{"line":52,"column":5}}},"fnMap":{"0":{"name":"(anonymous_0)","decl":{"start":{"line":4,"column":2},"end":{"line":4,"column":null}},"loc":{"start":{"line":7,"column":44},"end":{"line":11,"column":3}}},"1":{"name":"(anonymous_1)","decl":{"start":{"line":15,"column":2},"end":{"line":15,"column":14}},"loc":{"start":{"line":15,"column":29},"end":{"line":17,"column":3}}},"2":{"name":"(anonymous_2)","decl":{"start":{"line":21,"column":2},"end":{"line":21,"column":14}},"loc":{"start":{"line":21,"column":84},"end":{"line":29,"column":3}}},"3":{"name":"errorHandler","decl":{"start":{"line":32,"column":16},"end":{"line":32,"column":28}},"loc":{"start":{"line":36,"column":21},"end":{"line":53,"column":1}}}},"branchMap":{"0":{"loc":{"start":{"line":7,"column":20},"end":{"line":7,"column":44}},"type":"default-arg","locations":[{"start":{"line":7,"column":41},"end":{"line":7,"column":44}}]},"1":{"loc":{"start":{"line":38,"column":2},"end":{"line":43,"column":3}},"type":"if","locations":[{"start":{"line":38,"column":2},"end":{"line":43,"column":3}},{"start":{},"end":{}}]},"2":{"loc":{"start":{"line":48,"column":15},"end":{"line":50,"column":21}},"type":"cond-expr","locations":[{"start":{"line":49,"column":10},"end":{"line":49,"column":43}},{"start":{"line":50,"column":10},"end":{"line":50,"column":21}}]}},"s":{"0":0,"1":0,"2":0,"3":0,"4":0,"5":0,"6":0,"7":0,"8":0,"9":0,"10":0,"11":0,"12":0,"13":0,"14":0,"15":0},"f":{"0":0,"1":0,"2":0,"3":0},"b":{"0":[0],"1":[0,0],"2":[0,0]}}
,"/home/rakriss/Rep_Dev/nourria/nourria-api/src/routes/admin.ts": {"path":"/home/rakriss/Rep_Dev/nourria/nourria-api/src/routes/admin.ts","statementMap":{"0":{"start":{"line":1,"column":0},"end":{"line":1,"column":52}},"1":{"start":{"line":2,"column":0},"end":{"line":2,"column":83}},"2":{"start":{"line":3,"column":0},"end":{"line":3,"column":55}},"3":{"start":{"line":4,"column":0},"end":{"line":4,"column":61}},"4":{"start":{"line":6,"column":13},"end":{"line":6,"column":36}},"5":{"start":{"line":9,"column":0},"end":{"line":26,"column":3}},"6":{"start":{"line":10,"column":87},"end":{"line":10,"column":95}},"7":{"start":{"line":12,"column":2},"end":{"line":12,"column":76}},"8":{"start":{"line":12,"column":22},"end":{"line":12,"column":76}},"9":{"start":{"line":13,"column":2},"end":{"line":13,"column":59}},"10":{"start":{"line":13,"column":13},"end":{"line":13,"column":59}},"11":{"start":{"line":14,"column":2},"end":{"line":14,"column":86}},"12":{"start":{"line":14,"column":33},"end":{"line":14,"column":86}},"13":{"start":{"line":16,"column":17},"end":{"line":22,"column":null}},"14":{"start":{"line":25,"column":2},"end":{"line":25,"column":41}},"15":{"start":{"line":29,"column":0},"end":{"line":38,"column":3}},"16":{"start":{"line":30,"column":34},"end":{"line":30,"column":43}},"17":{"start":{"line":32,"column":2},"end":{"line":34,"column":3}},"18":{"start":{"line":33,"column":4},"end":{"line":33,"column":58}},"19":{"start":{"line":36,"column":16},"end":{"line":36,"column":78}},"20":{"start":{"line":37,"column":2},"end":{"line":37,"column":28}},"21":{"start":{"line":41,"column":0},"end":{"line":50,"column":3}},"22":{"start":{"line":42,"column":28},"end":{"line":42,"column":37}},"23":{"start":{"line":44,"column":2},"end":{"line":46,"column":3}},"24":{"start":{"line":45,"column":4},"end":{"line":45,"column":58}},"25":{"start":{"line":48,"column":21},"end":{"line":48,"column":60}},"26":{"start":{"line":49,"column":2},"end":{"line":49,"column":33}},"27":{"start":{"line":53,"column":0},"end":{"line":65,"column":3}},"28":{"start":{"line":54,"column":44},"end":{"line":54,"column":52}},"29":{"start":{"line":56,"column":2},"end":{"line":56,"column":76}},"30":{"start":{"line":56,"column":22},"end":{"line":56,"column":76}},"31":{"start":{"line":58,"column":19},"end":{"line":61,"column":null}},"32":{"start":{"line":64,"column":2},"end":{"line":64,"column":43}}},"fnMap":{"0":{"name":"(anonymous_0)","decl":{"start":{"line":9,"column":27},"end":{"line":9,"column":32}},"loc":{"start":{"line":9,"column":65},"end":{"line":26,"column":1}}},"1":{"name":"(anonymous_1)","decl":{"start":{"line":29,"column":32},"end":{"line":29,"column":37}},"loc":{"start":{"line":29,"column":70},"end":{"line":38,"column":1}}},"2":{"name":"(anonymous_2)","decl":{"start":{"line":41,"column":37},"end":{"line":41,"column":42}},"loc":{"start":{"line":41,"column":75},"end":{"line":50,"column":1}}},"3":{"name":"(anonymous_3)","decl":{"start":{"line":53,"column":38},"end":{"line":53,"column":43}},"loc":{"start":{"line":53,"column":76},"end":{"line":65,"column":1}}}},"branchMap":{"0":{"loc":{"start":{"line":12,"column":2},"end":{"line":12,"column":76}},"type":"if","locations":[{"start":{"line":12,"column":2},"end":{"line":12,"column":76}},{"start":{},"end":{}}]},"1":{"loc":{"start":{"line":13,"column":2},"end":{"line":13,"column":59}},"type":"if","locations":[{"start":{"line":13,"column":2},"end":{"line":13,"column":59}},{"start":{},"end":{}}]},"2":{"loc":{"start":{"line":14,"column":2},"end":{"line":14,"column":86}},"type":"if","locations":[{"start":{"line":14,"column":2},"end":{"line":14,"column":86}},{"start":{},"end":{}}]},"3":{"loc":{"start":{"line":20,"column":15},"end":{"line":20,"column":36}},"type":"binary-expr","locations":[{"start":{"line":20,"column":15},"end":{"line":20,"column":30}},{"start":{"line":20,"column":34},"end":{"line":20,"column":36}}]},"4":{"loc":{"start":{"line":21,"column":15},"end":{"line":21,"column":35}},"type":"binary-expr","locations":[{"start":{"line":21,"column":15},"end":{"line":21,"column":30}},{"start":{"line":21,"column":34},"end":{"line":21,"column":35}}]},"5":{"loc":{"start":{"line":32,"column":2},"end":{"line":34,"column":3}},"type":"if","locations":[{"start":{"line":32,"column":2},"end":{"line":34,"column":3}},{"start":{},"end":{}}]},"6":{"loc":{"start":{"line":32,"column":6},"end":{"line":32,"column":57}},"type":"binary-expr","locations":[{"start":{"line":32,"column":6},"end":{"line":32,"column":20}},{"start":{"line":32,"column":24},"end":{"line":32,"column":57}}]},"7":{"loc":{"start":{"line":44,"column":2},"end":{"line":46,"column":3}},"type":"if","locations":[{"start":{"line":44,"column":2},"end":{"line":46,"column":3}},{"start":{},"end":{}}]},"8":{"loc":{"start":{"line":44,"column":6},"end":{"line":44,"column":57}},"type":"binary-expr","locations":[{"start":{"line":44,"column":6},"end":{"line":44,"column":20}},{"start":{"line":44,"column":24},"end":{"line":44,"column":57}}]},"9":{"loc":{"start":{"line":56,"column":2},"end":{"line":56,"column":76}},"type":"if","locations":[{"start":{"line":56,"column":2},"end":{"line":56,"column":76}},{"start":{},"end":{}}]},"10":{"loc":{"start":{"line":60,"column":4},"end":{"line":60,"column":47}},"type":"cond-expr","locations":[{"start":{"line":60,"column":14},"end":{"line":60,"column":35}},{"start":{"line":60,"column":38},"end":{"line":60,"column":47}}]},"11":{"loc":{"start":{"line":61,"column":4},"end":{"line":61,"column":47}},"type":"cond-expr","locations":[{"start":{"line":61,"column":14},"end":{"line":61,"column":33}},{"start":{"line":61,"column":38},"end":{"line":61,"column":47}}]}},"s":{"0":0,"1":0,"2":0,"3":0,"4":0,"5":0,"6":0,"7":0,"8":0,"9":0,"10":0,"11":0,"12":0,"13":0,"14":0,"15":0,"16":0,"17":0,"18":0,"19":0,"20":0,"21":0,"22":0,"23":0,"24":0,"25":0,"26":0,"27":0,"28":0,"29":0,"30":0,"31":0,"32":0},"f":{"0":0,"1":0,"2":0,"3":0},"b":{"0":[0,0],"1":[0,0],"2":[0,0],"3":[0,0],"4":[0,0],"5":[0,0],"6":[0,0],"7":[0,0],"8":[0,0],"9":[0,0],"10":[0,0],"11":[0,0]}}
,"/home/rakriss/Rep_Dev/nourria/nourria-api/src/routes/foodCost.ts": {"path":"/home/rakriss/Rep_Dev/nourria/nourria-api/src/routes/foodCost.ts","statementMap":{"0":{"start":{"line":1,"column":0},"end":{"line":1,"column":52}},"1":{"start":{"line":2,"column":0},"end":{"line":2,"column":79}},"2":{"start":{"line":3,"column":0},"end":{"line":3,"column":61}},"3":{"start":{"line":5,"column":13},"end":{"line":5,"column":39}},"4":{"start":{"line":8,"column":0},"end":{"line":23,"column":3}},"5":{"start":{"line":9,"column":28},"end":{"line":9,"column":37}},"6":{"start":{"line":11,"column":2},"end":{"line":13,"column":3}},"7":{"start":{"line":12,"column":4},"end":{"line":12,"column":73}},"8":{"start":{"line":15,"column":16},"end":{"line":15,"column":55}},"9":{"start":{"line":18,"column":2},"end":{"line":20,"column":4}},"10":{"start":{"line":19,"column":4},"end":{"line":19,"column":52}},"11":{"start":{"line":22,"column":2},"end":{"line":22,"column":28}}},"fnMap":{"0":{"name":"(anonymous_0)","decl":{"start":{"line":8,"column":29},"end":{"line":8,"column":34}},"loc":{"start":{"line":8,"column":67},"end":{"line":23,"column":1}}},"1":{"name":"(anonymous_1)","decl":{"start":{"line":18,"column":35},"end":{"line":18,"column":36}},"loc":{"start":{"line":19,"column":4},"end":{"line":19,"column":52}}}},"branchMap":{"0":{"loc":{"start":{"line":11,"column":2},"end":{"line":13,"column":3}},"type":"if","locations":[{"start":{"line":11,"column":2},"end":{"line":13,"column":3}},{"start":{},"end":{}}]},"1":{"loc":{"start":{"line":11,"column":6},"end":{"line":11,"column":57}},"type":"binary-expr","locations":[{"start":{"line":11,"column":6},"end":{"line":11,"column":20}},{"start":{"line":11,"column":24},"end":{"line":11,"column":57}}]}},"s":{"0":0,"1":0,"2":0,"3":0,"4":0,"5":0,"6":0,"7":0,"8":0,"9":0,"10":0,"11":0},"f":{"0":0,"1":0},"b":{"0":[0,0],"1":[0,0]}}
,"/home/rakriss/Rep_Dev/nourria/nourria-api/src/routes/invoices.ts": {"path":"/home/rakriss/Rep_Dev/nourria/nourria-api/src/routes/invoices.ts","statementMap":{"0":{"start":{"line":1,"column":0},"end":{"line":1,"column":52}},"1":{"start":{"line":2,"column":0},"end":{"line":2,"column":62}},"2":{"start":{"line":3,"column":0},"end":{"line":3,"column":61}},"3":{"start":{"line":6,"column":13},"end":{"line":6,"column":38}},"4":{"start":{"line":10,"column":0},"end":{"line":47,"column":3}},"5":{"start":{"line":11,"column":44},"end":{"line":11,"column":52}},"6":{"start":{"line":14,"column":2},"end":{"line":16,"column":3}},"7":{"start":{"line":15,"column":4},"end":{"line":15,"column":57}},"8":{"start":{"line":17,"column":2},"end":{"line":19,"column":3}},"9":{"start":{"line":18,"column":4},"end":{"line":18,"column":60}},"10":{"start":{"line":20,"column":23},"end":{"line":20,"column":64}},"11":{"start":{"line":21,"column":2},"end":{"line":25,"column":3}},"12":{"start":{"line":22,"column":4},"end":{"line":24,"column":6}},"13":{"start":{"line":28,"column":25},"end":{"line":28,"column":54}},"14":{"start":{"line":29,"column":19},"end":{"line":29,"column":36}},"15":{"start":{"line":30,"column":2},"end":{"line":32,"column":3}},"16":{"start":{"line":31,"column":4},"end":{"line":31,"column":68}},"17":{"start":{"line":34,"column":28},"end":{"line":37,"column":4}},"18":{"start":{"line":39,"column":20},"end":{"line":39,"column":47}},"19":{"start":{"line":41,"column":2},"end":{"line":46,"column":5}}},"fnMap":{"0":{"name":"(anonymous_0)","decl":{"start":{"line":10,"column":31},"end":{"line":10,"column":36}},"loc":{"start":{"line":10,"column":69},"end":{"line":47,"column":1}}}},"branchMap":{"0":{"loc":{"start":{"line":14,"column":2},"end":{"line":16,"column":3}},"type":"if","locations":[{"start":{"line":14,"column":2},"end":{"line":16,"column":3}},{"start":{},"end":{}}]},"1":{"loc":{"start":{"line":17,"column":2},"end":{"line":19,"column":3}},"type":"if","locations":[{"start":{"line":17,"column":2},"end":{"line":19,"column":3}},{"start":{},"end":{}}]},"2":{"loc":{"start":{"line":21,"column":2},"end":{"line":25,"column":3}},"type":"if","locations":[{"start":{"line":21,"column":2},"end":{"line":25,"column":3}},{"start":{},"end":{}}]},"3":{"loc":{"start":{"line":30,"column":2},"end":{"line":32,"column":3}},"type":"if","locations":[{"start":{"line":30,"column":2},"end":{"line":32,"column":3}},{"start":{},"end":{}}]}},"s":{"0":0,"1":0,"2":0,"3":0,"4":0,"5":0,"6":0,"7":0,"8":0,"9":0,"10":0,"11":0,"12":0,"13":0,"14":0,"15":0,"16":0,"17":0,"18":0,"19":0},"f":{"0":0},"b":{"0":[0,0],"1":[0,0],"2":[0,0],"3":[0,0]}}
,"/home/rakriss/Rep_Dev/nourria/nourria-api/src/routes/ops.ts": {"path":"/home/rakriss/Rep_Dev/nourria/nourria-api/src/routes/ops.ts","statementMap":{"0":{"start":{"line":1,"column":0},"end":{"line":1,"column":52}},"1":{"start":{"line":2,"column":0},"end":{"line":2,"column":55}},"2":{"start":{"line":3,"column":0},"end":{"line":3,"column":55}},"3":{"start":{"line":4,"column":0},"end":{"line":4,"column":61}},"4":{"start":{"line":6,"column":13},"end":{"line":6,"column":34}},"5":{"start":{"line":9,"column":0},"end":{"line":20,"column":3}},"6":{"start":{"line":10,"column":38},"end":{"line":10,"column":47}},"7":{"start":{"line":12,"column":2},"end":{"line":14,"column":3}},"8":{"start":{"line":13,"column":4},"end":{"line":13,"column":58}},"9":{"start":{"line":16,"column":16},"end":{"line":16,"column":63}},"10":{"start":{"line":17,"column":21},"end":{"line":17,"column":62}},"11":{"start":{"line":19,"column":2},"end":{"line":19,"column":33}},"12":{"start":{"line":23,"column":0},"end":{"line":33,"column":3}},"13":{"start":{"line":24,"column":28},"end":{"line":24,"column":37}},"14":{"start":{"line":26,"column":2},"end":{"line":28,"column":3}},"15":{"start":{"line":27,"column":4},"end":{"line":27,"column":58}},"16":{"start":{"line":30,"column":23},"end":{"line":30,"column":61}},"17":{"start":{"line":32,"column":2},"end":{"line":32,"column":35}}},"fnMap":{"0":{"name":"(anonymous_0)","decl":{"start":{"line":9,"column":29},"end":{"line":9,"column":34}},"loc":{"start":{"line":9,"column":67},"end":{"line":20,"column":1}}},"1":{"name":"(anonymous_1)","decl":{"start":{"line":23,"column":25},"end":{"line":23,"column":30}},"loc":{"start":{"line":23,"column":63},"end":{"line":33,"column":1}}}},"branchMap":{"0":{"loc":{"start":{"line":12,"column":2},"end":{"line":14,"column":3}},"type":"if","locations":[{"start":{"line":12,"column":2},"end":{"line":14,"column":3}},{"start":{},"end":{}}]},"1":{"loc":{"start":{"line":12,"column":6},"end":{"line":12,"column":57}},"type":"binary-expr","locations":[{"start":{"line":12,"column":6},"end":{"line":12,"column":20}},{"start":{"line":12,"column":24},"end":{"line":12,"column":57}}]},"2":{"loc":{"start":{"line":16,"column":16},"end":{"line":16,"column":63}},"type":"cond-expr","locations":[{"start":{"line":16,"column":27},"end":{"line":16,"column":59}},{"start":{"line":16,"column":62},"end":{"line":16,"column":63}}]},"3":{"loc":{"start":{"line":26,"column":2},"end":{"line":28,"column":3}},"type":"if","locations":[{"start":{"line":26,"column":2},"end":{"line":28,"column":3}},{"start":{},"end":{}}]},"4":{"loc":{"start":{"line":26,"column":6},"end":{"line":26,"column":57}},"type":"binary-expr","locations":[{"start":{"line":26,"column":6},"end":{"line":26,"column":20}},{"start":{"line":26,"column":24},"end":{"line":26,"column":57}}]}},"s":{"0":0,"1":0,"2":0,"3":0,"4":0,"5":0,"6":0,"7":0,"8":0,"9":0,"10":0,"11":0,"12":0,"13":0,"14":0,"15":0,"16":0,"17":0},"f":{"0":0,"1":0},"b":{"0":[0,0],"1":[0,0],"2":[0,0],"3":[0,0],"4":[0,0]}}
,"/home/rakriss/Rep_Dev/nourria/nourria-api/src/routes/simulateur.ts": {"path":"/home/rakriss/Rep_Dev/nourria/nourria-api/src/routes/simulateur.ts","statementMap":{"0":{"start":{"line":1,"column":0},"end":{"line":1,"column":52}},"1":{"start":{"line":2,"column":0},"end":{"line":2,"column":49}},"2":{"start":{"line":3,"column":0},"end":{"line":3,"column":61}},"3":{"start":{"line":5,"column":13},"end":{"line":5,"column":41}},"4":{"start":{"line":7,"column":0},"end":{"line":20,"column":3}},"5":{"start":{"line":8,"column":38},"end":{"line":8,"column":46}},"6":{"start":{"line":10,"column":2},"end":{"line":12,"column":3}},"7":{"start":{"line":11,"column":4},"end":{"line":11,"column":58}},"8":{"start":{"line":13,"column":2},"end":{"line":15,"column":3}},"9":{"start":{"line":14,"column":4},"end":{"line":14,"column":77}},"10":{"start":{"line":17,"column":19},"end":{"line":17,"column":64}},"11":{"start":{"line":19,"column":2},"end":{"line":19,"column":31}}},"fnMap":{"0":{"name":"(anonymous_0)","decl":{"start":{"line":7,"column":27},"end":{"line":7,"column":32}},"loc":{"start":{"line":7,"column":65},"end":{"line":20,"column":1}}}},"branchMap":{"0":{"loc":{"start":{"line":10,"column":2},"end":{"line":12,"column":3}},"type":"if","locations":[{"start":{"line":10,"column":2},"end":{"line":12,"column":3}},{"start":{},"end":{}}]},"1":{"loc":{"start":{"line":13,"column":2},"end":{"line":15,"column":3}},"type":"if","locations":[{"start":{"line":13,"column":2},"end":{"line":15,"column":3}},{"start":{},"end":{}}]},"2":{"loc":{"start":{"line":13,"column":6},"end":{"line":13,"column":77}},"type":"binary-expr","locations":[{"start":{"line":13,"column":6},"end":{"line":13,"column":15}},{"start":{"line":13,"column":19},"end":{"line":13,"column":47}},{"start":{"line":13,"column":51},"end":{"line":13,"column":77}}]}},"s":{"0":0,"1":0,"2":0,"3":0,"4":0,"5":0,"6":0,"7":0,"8":0,"9":0,"10":0,"11":0},"f":{"0":0},"b":{"0":[0,0],"1":[0,0],"2":[0,0,0]}}
,"/home/rakriss/Rep_Dev/nourria/nourria-api/src/services/foodCost.ts": {"path":"/home/rakriss/Rep_Dev/nourria/nourria-api/src/services/foodCost.ts","statementMap":{"0":{"start":{"line":28,"column":0},"end":{"line":28,"column":7}},"1":{"start":{"line":106,"column":0},"end":{"line":106,"column":7}},"2":{"start":{"line":1,"column":0},"end":{"line":1,"column":54}},"3":{"start":{"line":32,"column":13},"end":{"line":32,"column":32}},"4":{"start":{"line":35,"column":26},"end":{"line":56,"column":17}},"5":{"start":{"line":58,"column":2},"end":{"line":58,"column":60}},"6":{"start":{"line":58,"column":13},"end":{"line":58,"column":60}},"7":{"start":{"line":59,"column":2},"end":{"line":59,"column":23}},"8":{"start":{"line":59,"column":13},"end":{"line":59,"column":23}},"9":{"start":{"line":61,"column":36},"end":{"line":98,"column":4}},"10":{"start":{"line":62,"column":36},"end":{"line":76,"column":8}},"11":{"start":{"line":63,"column":26},"end":{"line":63,"column":62}},"12":{"start":{"line":65,"column":27},"end":{"line":66,"column":null}},"13":{"start":{"line":68,"column":8},"end":{"line":75,"column":10}},"14":{"start":{"line":78,"column":23},"end":{"line":79,"column":null}},"15":{"start":{"line":79,"column":32},"end":{"line":79,"column":50}},"16":{"start":{"line":81,"column":23},"end":{"line":81,"column":76}},"17":{"start":{"line":82,"column":22},"end":{"line":84,"column":9}},"18":{"start":{"line":85,"column":26},"end":{"line":85,"column":41}},"19":{"start":{"line":87,"column":4},"end":{"line":97,"column":6}},"20":{"start":{"line":101,"column":2},"end":{"line":101,"column":61}},"21":{"start":{"line":101,"column":34},"end":{"line":101,"column":59}},"22":{"start":{"line":109,"column":13},"end":{"line":109,"column":32}},"23":{"start":{"line":111,"column":20},"end":{"line":115,"column":5}},"24":{"start":{"line":111,"column":38},"end":{"line":115,"column":4}},"25":{"start":{"line":117,"column":20},"end":{"line":117,"column":74}},"26":{"start":{"line":118,"column":2},"end":{"line":118,"column":69}},"27":{"start":{"line":118,"column":13},"end":{"line":118,"column":69}}},"fnMap":{"0":{"name":"getFoodCostParPlat","decl":{"start":{"line":28,"column":22},"end":{"line":28,"column":40}},"loc":{"start":{"line":30,"column":27},"end":{"line":102,"column":1}}},"1":{"name":"(anonymous_1)","decl":{"start":{"line":61,"column":45},"end":{"line":61,"column":46}},"loc":{"start":{"line":61,"column":59},"end":{"line":98,"column":3}}},"2":{"name":"(anonymous_2)","decl":{"start":{"line":63,"column":14},"end":{"line":63,"column":15}},"loc":{"start":{"line":63,"column":26},"end":{"line":63,"column":62}}},"3":{"name":"(anonymous_3)","decl":{"start":{"line":64,"column":11},"end":{"line":64,"column":12}},"loc":{"start":{"line":64,"column":22},"end":{"line":76,"column":7}}},"4":{"name":"(anonymous_4)","decl":{"start":{"line":79,"column":20},"end":{"line":79,"column":21}},"loc":{"start":{"line":79,"column":32},"end":{"line":79,"column":50}}},"5":{"name":"(anonymous_5)","decl":{"start":{"line":101,"column":24},"end":{"line":101,"column":25}},"loc":{"start":{"line":101,"column":34},"end":{"line":101,"column":59}}},"6":{"name":"sauvegarderSnapshot","decl":{"start":{"line":106,"column":22},"end":{"line":106,"column":41}},"loc":{"start":{"line":107,"column":23},"end":{"line":119,"column":1}}},"7":{"name":"(anonymous_7)","decl":{"start":{"line":111,"column":30},"end":{"line":111,"column":31}},"loc":{"start":{"line":111,"column":38},"end":{"line":115,"column":4}}}},"branchMap":{"0":{"loc":{"start":{"line":30,"column":2},"end":{"line":30,"column":27}},"type":"default-arg","locations":[{"start":{"line":30,"column":25},"end":{"line":30,"column":27}}]},"1":{"loc":{"start":{"line":58,"column":2},"end":{"line":58,"column":60}},"type":"if","locations":[{"start":{"line":58,"column":2},"end":{"line":58,"column":60}},{"start":{},"end":{}}]},"2":{"loc":{"start":{"line":59,"column":2},"end":{"line":59,"column":23}},"type":"if","locations":[{"start":{"line":59,"column":2},"end":{"line":59,"column":23}},{"start":{},"end":{}}]},"3":{"loc":{"start":{"line":62,"column":37},"end":{"line":62,"column":56}},"type":"binary-expr","locations":[{"start":{"line":62,"column":37},"end":{"line":62,"column":50}},{"start":{"line":62,"column":54},"end":{"line":62,"column":56}}]},"4":{"loc":{"start":{"line":82,"column":22},"end":{"line":84,"column":9}},"type":"cond-expr","locations":[{"start":{"line":83,"column":8},"end":{"line":83,"column":69}},{"start":{"line":84,"column":8},"end":{"line":84,"column":9}}]},"5":{"loc":{"start":{"line":118,"column":2},"end":{"line":118,"column":69}},"type":"if","locations":[{"start":{"line":118,"column":2},"end":{"line":118,"column":69}},{"start":{},"end":{}}]}},"s":{"0":2,"1":2,"2":2,"3":9,"4":9,"5":9,"6":1,"7":8,"8":0,"9":8,"10":11,"11":16,"12":16,"13":16,"14":11,"15":16,"16":11,"17":11,"18":11,"19":11,"20":8,"21":3,"22":0,"23":0,"24":0,"25":0,"26":0,"27":0},"f":{"0":9,"1":11,"2":16,"3":16,"4":16,"5":3,"6":0,"7":0},"b":{"0":[8],"1":[1,8],"2":[0,8],"3":[11,0],"4":[11,0],"5":[0,0]}}
,"/home/rakriss/Rep_Dev/nourria/nourria-api/src/services/haccp.ts": {"path":"/home/rakriss/Rep_Dev/nourria/nourria-api/src/services/haccp.ts","statementMap":{"0":{"start":{"line":27,"column":0},"end":{"line":27,"column":7}},"1":{"start":{"line":62,"column":0},"end":{"line":62,"column":7}},"2":{"start":{"line":99,"column":0},"end":{"line":99,"column":7}},"3":{"start":{"line":1,"column":0},"end":{"line":1,"column":54}},"4":{"start":{"line":35,"column":13},"end":{"line":35,"column":32}},"5":{"start":{"line":37,"column":26},"end":{"line":48,"column":13}},"6":{"start":{"line":50,"column":2},"end":{"line":50,"column":66}},"7":{"start":{"line":50,"column":13},"end":{"line":50,"column":66}},"8":{"start":{"line":52,"column":2},"end":{"line":55,"column":4}},"9":{"start":{"line":57,"column":2},"end":{"line":57,"column":29}},"10":{"start":{"line":66,"column":13},"end":{"line":66,"column":32}},"11":{"start":{"line":68,"column":21},"end":{"line":68,"column":67}},"12":{"start":{"line":69,"column":16},"end":{"line":69,"column":45}},"13":{"start":{"line":70,"column":16},"end":{"line":70,"column":45}},"14":{"start":{"line":72,"column":26},"end":{"line":78,"column":44}},"15":{"start":{"line":80,"column":2},"end":{"line":80,"column":66}},"16":{"start":{"line":80,"column":13},"end":{"line":80,"column":66}},"17":{"start":{"line":82,"column":19},"end":{"line":82,"column":29}},"18":{"start":{"line":83,"column":23},"end":{"line":83,"column":63}},"19":{"start":{"line":83,"column":45},"end":{"line":83,"column":55}},"20":{"start":{"line":85,"column":2},"end":{"line":94,"column":4}},"21":{"start":{"line":103,"column":13},"end":{"line":103,"column":32}},"22":{"start":{"line":105,"column":17},"end":{"line":107,"column":18}},"23":{"start":{"line":109,"column":26},"end":{"line":114,"column":44}},"24":{"start":{"line":116,"column":2},"end":{"line":116,"column":66}},"25":{"start":{"line":116,"column":13},"end":{"line":116,"column":66}},"26":{"start":{"line":119,"column":73},"end":{"line":119,"column":75}},"27":{"start":{"line":120,"column":2},"end":{"line":125,"column":3}},"28":{"start":{"line":121,"column":17},"end":{"line":121,"column":42}},"29":{"start":{"line":122,"column":4},"end":{"line":122,"column":69}},"30":{"start":{"line":122,"column":25},"end":{"line":122,"column":69}},"31":{"start":{"line":123,"column":4},"end":{"line":123,"column":27}},"32":{"start":{"line":124,"column":4},"end":{"line":124,"column":47}},"33":{"start":{"line":124,"column":20},"end":{"line":124,"column":47}},"34":{"start":{"line":127,"column":2},"end":{"line":131,"column":6}},"35":{"start":{"line":127,"column":58},"end":{"line":131,"column":4}}},"fnMap":{"0":{"name":"creerReleve","decl":{"start":{"line":27,"column":22},"end":{"line":27,"column":33}},"loc":{"start":{"line":33,"column":15},"end":{"line":58,"column":1}}},"1":{"name":"getBilanHaccp","decl":{"start":{"line":62,"column":22},"end":{"line":62,"column":35}},"loc":{"start":{"line":64,"column":15},"end":{"line":95,"column":1}}},"2":{"name":"(anonymous_2)","decl":{"start":{"line":83,"column":38},"end":{"line":83,"column":39}},"loc":{"start":{"line":83,"column":45},"end":{"line":83,"column":55}}},"3":{"name":"getHistoriqueHaccp","decl":{"start":{"line":99,"column":22},"end":{"line":99,"column":40}},"loc":{"start":{"line":101,"column":23},"end":{"line":132,"column":1}}},"4":{"name":"(anonymous_4)","decl":{"start":{"line":127,"column":38},"end":{"line":127,"column":39}},"loc":{"start":{"line":127,"column":58},"end":{"line":131,"column":4}}}},"branchMap":{"0":{"loc":{"start":{"line":45,"column":12},"end":{"line":45,"column":24}},"type":"binary-expr","locations":[{"start":{"line":45,"column":12},"end":{"line":45,"column":16}},{"start":{"line":45,"column":20},"end":{"line":45,"column":24}}]},"1":{"loc":{"start":{"line":50,"column":2},"end":{"line":50,"column":66}},"type":"if","locations":[{"start":{"line":50,"column":2},"end":{"line":50,"column":66}},{"start":{},"end":{}}]},"2":{"loc":{"start":{"line":54,"column":7},"end":{"line":54,"column":50}},"type":"cond-expr","locations":[{"start":{"line":54,"column":23},"end":{"line":54,"column":33}},{"start":{"line":54,"column":36},"end":{"line":54,"column":50}}]},"3":{"loc":{"start":{"line":68,"column":21},"end":{"line":68,"column":67}},"type":"binary-expr","locations":[{"start":{"line":68,"column":21},"end":{"line":68,"column":25}},{"start":{"line":68,"column":29},"end":{"line":68,"column":67}}]},"4":{"loc":{"start":{"line":80,"column":2},"end":{"line":80,"column":66}},"type":"if","locations":[{"start":{"line":80,"column":2},"end":{"line":80,"column":66}},{"start":{},"end":{}}]},"5":{"loc":{"start":{"line":82,"column":19},"end":{"line":82,"column":29}},"type":"binary-expr","locations":[{"start":{"line":82,"column":19},"end":{"line":82,"column":23}},{"start":{"line":82,"column":27},"end":{"line":82,"column":29}}]},"6":{"loc":{"start":{"line":90,"column":21},"end":{"line":92,"column":9}},"type":"cond-expr","locations":[{"start":{"line":91,"column":8},"end":{"line":91,"column":57}},{"start":{"line":92,"column":8},"end":{"line":92,"column":9}}]},"7":{"loc":{"start":{"line":101,"column":2},"end":{"line":101,"column":23}},"type":"default-arg","locations":[{"start":{"line":101,"column":21},"end":{"line":101,"column":23}}]},"8":{"loc":{"start":{"line":116,"column":2},"end":{"line":116,"column":66}},"type":"if","locations":[{"start":{"line":116,"column":2},"end":{"line":116,"column":66}},{"start":{},"end":{}}]},"9":{"loc":{"start":{"line":120,"column":18},"end":{"line":120,"column":28}},"type":"binary-expr","locations":[{"start":{"line":120,"column":18},"end":{"line":120,"column":22}},{"start":{"line":120,"column":26},"end":{"line":120,"column":28}}]},"10":{"loc":{"start":{"line":122,"column":4},"end":{"line":122,"column":69}},"type":"if","locations":[{"start":{"line":122,"column":4},"end":{"line":122,"column":69}},{"start":{},"end":{}}]},"11":{"loc":{"start":{"line":124,"column":4},"end":{"line":124,"column":47}},"type":"if","locations":[{"start":{"line":124,"column":4},"end":{"line":124,"column":47}},{"start":{},"end":{}}]}},"s":{"0":1,"1":1,"2":1,"3":1,"4":3,"5":3,"6":3,"7":1,"8":2,"9":2,"10":2,"11":2,"12":2,"13":2,"14":2,"15":2,"16":0,"17":2,"18":2,"19":3,"20":2,"21":0,"22":0,"23":0,"24":0,"25":0,"26":0,"27":0,"28":0,"29":0,"30":0,"31":0,"32":0,"33":0,"34":0,"35":0},"f":{"0":3,"1":2,"2":3,"3":0,"4":0},"b":{"0":[3,2],"1":[1,2],"2":[1,1],"3":[2,2],"4":[0,2],"5":[2,0],"6":[1,1],"7":[0],"8":[0,0],"9":[0,0],"10":[0,0],"11":[0,0]}}
,"/home/rakriss/Rep_Dev/nourria/nourria-api/src/services/invoiceExtractor.ts": {"path":"/home/rakriss/Rep_Dev/nourria/nourria-api/src/services/invoiceExtractor.ts","statementMap":{"0":{"start":{"line":57,"column":0},"end":{"line":57,"column":7}},"1":{"start":{"line":1,"column":0},"end":{"line":1,"column":80}},"2":{"start":{"line":2,"column":0},"end":{"line":2,"column":63}},"3":{"start":{"line":27,"column":22},"end":{"line":32,"column":63}},"4":{"start":{"line":34,"column":20},"end":{"line":53,"column":3}},"5":{"start":{"line":60,"column":19},"end":{"line":64,"column":null}},"6":{"start":{"line":68,"column":17},"end":{"line":69,"column":null}},"7":{"start":{"line":73,"column":2},"end":{"line":75,"column":3}},"8":{"start":{"line":74,"column":4},"end":{"line":74,"column":49}},"9":{"start":{"line":76,"column":2},"end":{"line":78,"column":3}},"10":{"start":{"line":77,"column":4},"end":{"line":77,"column":49}},"11":{"start":{"line":81,"column":2},"end":{"line":83,"column":3}},"12":{"start":{"line":82,"column":4},"end":{"line":82,"column":48}},"13":{"start":{"line":85,"column":2},"end":{"line":90,"column":4}},"14":{"start":{"line":92,"column":2},"end":{"line":92,"column":16}}},"fnMap":{"0":{"name":"extractInvoice","decl":{"start":{"line":57,"column":22},"end":{"line":57,"column":36}},"loc":{"start":{"line":58,"column":19},"end":{"line":93,"column":1}}}},"branchMap":{"0":{"loc":{"start":{"line":73,"column":2},"end":{"line":75,"column":3}},"type":"if","locations":[{"start":{"line":73,"column":2},"end":{"line":75,"column":3}},{"start":{},"end":{}}]},"1":{"loc":{"start":{"line":76,"column":2},"end":{"line":78,"column":3}},"type":"if","locations":[{"start":{"line":76,"column":2},"end":{"line":78,"column":3}},{"start":{},"end":{}}]},"2":{"loc":{"start":{"line":81,"column":2},"end":{"line":83,"column":3}},"type":"if","locations":[{"start":{"line":81,"column":2},"end":{"line":83,"column":3}},{"start":{},"end":{}}]},"3":{"loc":{"start":{"line":81,"column":6},"end":{"line":81,"column":59}},"type":"binary-expr","locations":[{"start":{"line":81,"column":6},"end":{"line":81,"column":27}},{"start":{"line":81,"column":31},"end":{"line":81,"column":59}}]}},"s":{"0":0,"1":0,"2":0,"3":0,"4":0,"5":0,"6":0,"7":0,"8":0,"9":0,"10":0,"11":0,"12":0,"13":0,"14":0},"f":{"0":0},"b":{"0":[0,0],"1":[0,0],"2":[0,0],"3":[0,0]}}
,"/home/rakriss/Rep_Dev/nourria/nourria-api/src/services/planning.ts": {"path":"/home/rakriss/Rep_Dev/nourria/nourria-api/src/services/planning.ts","statementMap":{"0":{"start":{"line":45,"column":0},"end":{"line":45,"column":7}},"1":{"start":{"line":1,"column":0},"end":{"line":1,"column":54}},"2":{"start":{"line":2,"column":0},"end":{"line":2,"column":62}},"3":{"start":{"line":27,"column":17},"end":{"line":27,"column":45}},"4":{"start":{"line":28,"column":2},"end":{"line":28,"column":20}},"5":{"start":{"line":32,"column":2},"end":{"line":32,"column":60}},"6":{"start":{"line":36,"column":12},"end":{"line":36,"column":26}},"7":{"start":{"line":37,"column":2},"end":{"line":37,"column":25}},"8":{"start":{"line":38,"column":2},"end":{"line":38,"column":49}},"9":{"start":{"line":39,"column":20},"end":{"line":39,"column":51}},"10":{"start":{"line":40,"column":2},"end":{"line":40,"column":77}},"11":{"start":{"line":50,"column":13},"end":{"line":50,"column":32}},"12":{"start":{"line":52,"column":14},"end":{"line":52,"column":24}},"13":{"start":{"line":53,"column":14},"end":{"line":53,"column":43}},"14":{"start":{"line":54,"column":14},"end":{"line":54,"column":42}},"15":{"start":{"line":57,"column":36},"end":{"line":60,"column":39}},"16":{"start":{"line":62,"column":2},"end":{"line":62,"column":69}},"17":{"start":{"line":62,"column":13},"end":{"line":62,"column":69}},"18":{"start":{"line":63,"column":2},"end":{"line":65,"column":3}},"19":{"start":{"line":64,"column":4},"end":{"line":64,"column":63}},"20":{"start":{"line":67,"column":24},"end":{"line":87,"column":49}},"21":{"start":{"line":89,"column":22},"end":{"line":96,"column":15}},"22":{"start":{"line":91,"column":43},"end":{"line":96,"column":2}},"23":{"start":{"line":98,"column":18},"end":{"line":98,"column":68}},"24":{"start":{"line":99,"column":19},"end":{"line":99,"column":70}},"25":{"start":{"line":102,"column":35},"end":{"line":112,"column":4}},"26":{"start":{"line":103,"column":16},"end":{"line":103,"column":72}},"27":{"start":{"line":103,"column":42},"end":{"line":103,"column":71}},"28":{"start":{"line":104,"column":4},"end":{"line":111,"column":6}},"29":{"start":{"line":115,"column":24},"end":{"line":115,"column":25}},"30":{"start":{"line":116,"column":24},"end":{"line":116,"column":25}},"31":{"start":{"line":117,"column":2},"end":{"line":124,"column":3}},"32":{"start":{"line":118,"column":16},"end":{"line":118,"column":72}},"33":{"start":{"line":118,"column":42},"end":{"line":118,"column":71}},"34":{"start":{"line":119,"column":4},"end":{"line":123,"column":5}},"35":{"start":{"line":120,"column":21},"end":{"line":120,"column":60}},"36":{"start":{"line":121,"column":6},"end":{"line":121,"column":32}},"37":{"start":{"line":122,"column":6},"end":{"line":122,"column":51}},"38":{"start":{"line":127,"column":57},"end":{"line":137,"column":13}},"39":{"start":{"line":139,"column":2},"end":{"line":139,"column":87}},"40":{"start":{"line":139,"column":22},"end":{"line":139,"column":87}},"41":{"start":{"line":142,"column":2},"end":{"line":142,"column":80}},"42":{"start":{"line":143,"column":2},"end":{"line":152,"column":4}},"43":{"start":{"line":144,"column":37},"end":{"line":151,"column":6}},"44":{"start":{"line":150,"column":39},"end":{"line":150,"column":68}},"45":{"start":{"line":154,"column":2},"end":{"line":158,"column":4}},"46":{"start":{"line":160,"column":2},"end":{"line":167,"column":4}}},"fnMap":{"0":{"name":"heureEnMinutes","decl":{"start":{"line":26,"column":9},"end":{"line":26,"column":23}},"loc":{"start":{"line":26,"column":37},"end":{"line":29,"column":1}}},"1":{"name":"dureeHeures","decl":{"start":{"line":31,"column":9},"end":{"line":31,"column":20}},"loc":{"start":{"line":31,"column":47},"end":{"line":33,"column":1}}},"2":{"name":"numeroSemaine","decl":{"start":{"line":35,"column":9},"end":{"line":35,"column":22}},"loc":{"start":{"line":35,"column":33},"end":{"line":41,"column":1}}},"3":{"name":"genererPlanning","decl":{"start":{"line":45,"column":22},"end":{"line":45,"column":37}},"loc":{"start":{"line":48,"column":16},"end":{"line":168,"column":1}}},"4":{"name":"(anonymous_4)","decl":{"start":{"line":91,"column":30},"end":{"line":91,"column":31}},"loc":{"start":{"line":91,"column":43},"end":{"line":96,"column":2}}},"5":{"name":"(anonymous_5)","decl":{"start":{"line":102,"column":55},"end":{"line":102,"column":56}},"loc":{"start":{"line":102,"column":66},"end":{"line":112,"column":3}}},"6":{"name":"(anonymous_6)","decl":{"start":{"line":103,"column":30},"end":{"line":103,"column":31}},"loc":{"start":{"line":103,"column":42},"end":{"line":103,"column":71}}},"7":{"name":"(anonymous_7)","decl":{"start":{"line":118,"column":30},"end":{"line":118,"column":31}},"loc":{"start":{"line":118,"column":42},"end":{"line":118,"column":71}}},"8":{"name":"(anonymous_8)","decl":{"start":{"line":144,"column":24},"end":{"line":144,"column":25}},"loc":{"start":{"line":144,"column":37},"end":{"line":151,"column":6}}},"9":{"name":"(anonymous_9)","decl":{"start":{"line":150,"column":27},"end":{"line":150,"column":28}},"loc":{"start":{"line":150,"column":39},"end":{"line":150,"column":68}}}},"branchMap":{"0":{"loc":{"start":{"line":38,"column":31},"end":{"line":38,"column":46}},"type":"binary-expr","locations":[{"start":{"line":38,"column":31},"end":{"line":38,"column":41}},{"start":{"line":38,"column":45},"end":{"line":38,"column":46}}]},"1":{"loc":{"start":{"line":53,"column":14},"end":{"line":53,"column":43}},"type":"binary-expr","locations":[{"start":{"line":53,"column":14},"end":{"line":53,"column":21}},{"start":{"line":53,"column":25},"end":{"line":53,"column":43}}]},"2":{"loc":{"start":{"line":54,"column":14},"end":{"line":54,"column":42}},"type":"binary-expr","locations":[{"start":{"line":54,"column":14},"end":{"line":54,"column":19}},{"start":{"line":54,"column":25},"end":{"line":54,"column":42}}]},"3":{"loc":{"start":{"line":62,"column":2},"end":{"line":62,"column":69}},"type":"if","locations":[{"start":{"line":62,"column":2},"end":{"line":62,"column":69}},{"start":{},"end":{}}]},"4":{"loc":{"start":{"line":63,"column":2},"end":{"line":65,"column":3}},"type":"if","locations":[{"start":{"line":63,"column":2},"end":{"line":65,"column":3}},{"start":{},"end":{}}]},"5":{"loc":{"start":{"line":63,"column":6},"end":{"line":63,"column":40}},"type":"binary-expr","locations":[{"start":{"line":63,"column":6},"end":{"line":63,"column":15}},{"start":{"line":63,"column":19},"end":{"line":63,"column":40}}]},"6":{"loc":{"start":{"line":106,"column":14},"end":{"line":106,"column":38}},"type":"binary-expr","locations":[{"start":{"line":106,"column":14},"end":{"line":106,"column":25}},{"start":{"line":106,"column":29},"end":{"line":106,"column":38}}]},"7":{"loc":{"start":{"line":107,"column":13},"end":{"line":107,"column":36}},"type":"binary-expr","locations":[{"start":{"line":107,"column":13},"end":{"line":107,"column":23}},{"start":{"line":107,"column":27},"end":{"line":107,"column":36}}]},"8":{"loc":{"start":{"line":119,"column":4},"end":{"line":123,"column":5}},"type":"if","locations":[{"start":{"line":119,"column":4},"end":{"line":123,"column":5}},{"start":{},"end":{}}]},"9":{"loc":{"start":{"line":139,"column":2},"end":{"line":139,"column":87}},"type":"if","locations":[{"start":{"line":139,"column":2},"end":{"line":139,"column":87}},{"start":{},"end":{}}]},"10":{"loc":{"start":{"line":150,"column":13},"end":{"line":150,"column":82}},"type":"binary-expr","locations":[{"start":{"line":150,"column":13},"end":{"line":150,"column":76}},{"start":{"line":150,"column":80},"end":{"line":150,"column":82}}]}},"s":{"0":0,"1":0,"2":0,"3":0,"4":0,"5":0,"6":0,"7":0,"8":0,"9":0,"10":0,"11":0,"12":0,"13":0,"14":0,"15":0,"16":0,"17":0,"18":0,"19":0,"20":0,"21":0,"22":0,"23":0,"24":0,"25":0,"26":0,"27":0,"28":0,"29":0,"30":0,"31":0,"32":0,"33":0,"34":0,"35":0,"36":0,"37":0,"38":0,"39":0,"40":0,"41":0,"42":0,"43":0,"44":0,"45":0,"46":0},"f":{"0":0,"1":0,"2":0,"3":0,"4":0,"5":0,"6":0,"7":0,"8":0,"9":0},"b":{"0":[0,0],"1":[0,0],"2":[0,0],"3":[0,0],"4":[0,0],"5":[0,0],"6":[0,0],"7":[0,0],"8":[0,0],"9":[0,0],"10":[0,0]}}
,"/home/rakriss/Rep_Dev/nourria/nourria-api/src/services/previsions.ts": {"path":"/home/rakriss/Rep_Dev/nourria/nourria-api/src/services/previsions.ts","statementMap":{"0":{"start":{"line":33,"column":0},"end":{"line":33,"column":7}},"1":{"start":{"line":1,"column":0},"end":{"line":1,"column":54}},"2":{"start":{"line":22,"column":14},"end":{"line":22,"column":81}},"3":{"start":{"line":25,"column":2},"end":{"line":25,"column":36}},"4":{"start":{"line":25,"column":21},"end":{"line":25,"column":36}},"5":{"start":{"line":26,"column":2},"end":{"line":26,"column":37}},"6":{"start":{"line":26,"column":21},"end":{"line":26,"column":37}},"7":{"start":{"line":27,"column":2},"end":{"line":27,"column":37}},"8":{"start":{"line":27,"column":21},"end":{"line":27,"column":37}},"9":{"start":{"line":28,"column":2},"end":{"line":28,"column":16}},"10":{"start":{"line":37,"column":13},"end":{"line":37,"column":32}},"11":{"start":{"line":40,"column":26},"end":{"line":45,"column":47}},"12":{"start":{"line":47,"column":2},"end":{"line":47,"column":60}},"13":{"start":{"line":47,"column":13},"end":{"line":47,"column":60}},"14":{"start":{"line":48,"column":2},"end":{"line":48,"column":44}},"15":{"start":{"line":48,"column":34},"end":{"line":48,"column":44}},"16":{"start":{"line":51,"column":63},"end":{"line":51,"column":65}},"17":{"start":{"line":52,"column":2},"end":{"line":57,"column":3}},"18":{"start":{"line":53,"column":24},"end":{"line":53,"column":68}},"19":{"start":{"line":54,"column":4},"end":{"line":54,"column":63}},"20":{"start":{"line":54,"column":34},"end":{"line":54,"column":63}},"21":{"start":{"line":55,"column":4},"end":{"line":55,"column":85}},"22":{"start":{"line":55,"column":45},"end":{"line":55,"column":85}},"23":{"start":{"line":56,"column":4},"end":{"line":56,"column":59}},"24":{"start":{"line":61,"column":4},"end":{"line":61,"column":39}},"25":{"start":{"line":61,"column":30},"end":{"line":61,"column":39}},"26":{"start":{"line":62,"column":16},"end":{"line":62,"column":17}},"27":{"start":{"line":63,"column":22},"end":{"line":63,"column":23}},"28":{"start":{"line":64,"column":4},"end":{"line":68,"column":7}},"29":{"start":{"line":65,"column":20},"end":{"line":65,"column":25}},"30":{"start":{"line":66,"column":6},"end":{"line":66,"column":25}},"31":{"start":{"line":67,"column":6},"end":{"line":67,"column":27}},"32":{"start":{"line":69,"column":4},"end":{"line":69,"column":43}},"33":{"start":{"line":73,"column":38},"end":{"line":73,"column":40}},"34":{"start":{"line":74,"column":48},"end":{"line":74,"column":80}},"35":{"start":{"line":76,"column":2},"end":{"line":105,"column":3}},"36":{"start":{"line":76,"column":15},"end":{"line":76,"column":16}},"37":{"start":{"line":77,"column":17},"end":{"line":77,"column":27}},"38":{"start":{"line":78,"column":4},"end":{"line":78,"column":37}},"39":{"start":{"line":79,"column":24},"end":{"line":79,"column":48}},"40":{"start":{"line":80,"column":20},"end":{"line":80,"column":52}},"41":{"start":{"line":82,"column":41},"end":{"line":82,"column":43}},"42":{"start":{"line":84,"column":4},"end":{"line":98,"column":5}},"43":{"start":{"line":85,"column":22},"end":{"line":85,"column":62}},"44":{"start":{"line":86,"column":20},"end":{"line":86,"column":70}},"45":{"start":{"line":87,"column":18},"end":{"line":87,"column":64}},"46":{"start":{"line":88,"column":18},"end":{"line":88,"column":64}},"47":{"start":{"line":90,"column":6},"end":{"line":97,"column":9}},"48":{"start":{"line":100,"column":4},"end":{"line":104,"column":7}},"49":{"start":{"line":107,"column":2},"end":{"line":107,"column":20}}},"fnMap":{"0":{"name":"niveauRush","decl":{"start":{"line":24,"column":9},"end":{"line":24,"column":19}},"loc":{"start":{"line":24,"column":36},"end":{"line":29,"column":1}}},"1":{"name":"getPrevisions","decl":{"start":{"line":33,"column":22},"end":{"line":33,"column":35}},"loc":{"start":{"line":35,"column":22},"end":{"line":108,"column":1}}},"2":{"name":"moyennePonderee","decl":{"start":{"line":60,"column":11},"end":{"line":60,"column":26}},"loc":{"start":{"line":60,"column":44},"end":{"line":70,"column":3}}},"3":{"name":"(anonymous_3)","decl":{"start":{"line":64,"column":20},"end":{"line":64,"column":21}},"loc":{"start":{"line":64,"column":29},"end":{"line":68,"column":5}}}},"branchMap":{"0":{"loc":{"start":{"line":25,"column":2},"end":{"line":25,"column":36}},"type":"if","locations":[{"start":{"line":25,"column":2},"end":{"line":25,"column":36}},{"start":{},"end":{}}]},"1":{"loc":{"start":{"line":26,"column":2},"end":{"line":26,"column":37}},"type":"if","locations":[{"start":{"line":26,"column":2},"end":{"line":26,"column":37}},{"start":{},"end":{}}]},"2":{"loc":{"start":{"line":27,"column":2},"end":{"line":27,"column":37}},"type":"if","locations":[{"start":{"line":27,"column":2},"end":{"line":27,"column":37}},{"start":{},"end":{}}]},"3":{"loc":{"start":{"line":35,"column":2},"end":{"line":35,"column":22}},"type":"default-arg","locations":[{"start":{"line":35,"column":21},"end":{"line":35,"column":22}}]},"4":{"loc":{"start":{"line":47,"column":2},"end":{"line":47,"column":60}},"type":"if","locations":[{"start":{"line":47,"column":2},"end":{"line":47,"column":60}},{"start":{},"end":{}}]},"5":{"loc":{"start":{"line":48,"column":2},"end":{"line":48,"column":44}},"type":"if","locations":[{"start":{"line":48,"column":2},"end":{"line":48,"column":44}},{"start":{},"end":{}}]},"6":{"loc":{"start":{"line":48,"column":6},"end":{"line":48,"column":32}},"type":"binary-expr","locations":[{"start":{"line":48,"column":6},"end":{"line":48,"column":11}},{"start":{"line":48,"column":15},"end":{"line":48,"column":32}}]},"7":{"loc":{"start":{"line":54,"column":4},"end":{"line":54,"column":63}},"type":"if","locations":[{"start":{"line":54,"column":4},"end":{"line":54,"column":63}},{"start":{},"end":{}}]},"8":{"loc":{"start":{"line":55,"column":4},"end":{"line":55,"column":85}},"type":"if","locations":[{"start":{"line":55,"column":4},"end":{"line":55,"column":85}},{"start":{},"end":{}}]},"9":{"loc":{"start":{"line":61,"column":4},"end":{"line":61,"column":39}},"type":"if","locations":[{"start":{"line":61,"column":4},"end":{"line":61,"column":39}},{"start":{},"end":{}}]},"10":{"loc":{"start":{"line":85,"column":22},"end":{"line":85,"column":62}},"type":"binary-expr","locations":[{"start":{"line":85,"column":22},"end":{"line":85,"column":56}},{"start":{"line":85,"column":60},"end":{"line":85,"column":62}}]},"11":{"loc":{"start":{"line":86,"column":20},"end":{"line":86,"column":70}},"type":"cond-expr","locations":[{"start":{"line":86,"column":41},"end":{"line":86,"column":65}},{"start":{"line":86,"column":68},"end":{"line":86,"column":70}}]},"12":{"loc":{"start":{"line":87,"column":18},"end":{"line":87,"column":64}},"type":"cond-expr","locations":[{"start":{"line":87,"column":39},"end":{"line":87,"column":59}},{"start":{"line":87,"column":62},"end":{"line":87,"column":64}}]},"13":{"loc":{"start":{"line":88,"column":18},"end":{"line":88,"column":64}},"type":"cond-expr","locations":[{"start":{"line":88,"column":39},"end":{"line":88,"column":59}},{"start":{"line":88,"column":62},"end":{"line":88,"column":64}}]}},"s":{"0":0,"1":0,"2":0,"3":0,"4":0,"5":0,"6":0,"7":0,"8":0,"9":0,"10":0,"11":0,"12":0,"13":0,"14":0,"15":0,"16":0,"17":0,"18":0,"19":0,"20":0,"21":0,"22":0,"23":0,"24":0,"25":0,"26":0,"27":0,"28":0,"29":0,"30":0,"31":0,"32":0,"33":0,"34":0,"35":0,"36":0,"37":0,"38":0,"39":0,"40":0,"41":0,"42":0,"43":0,"44":0,"45":0,"46":0,"47":0,"48":0,"49":0},"f":{"0":0,"1":0,"2":0,"3":0},"b":{"0":[0,0],"1":[0,0],"2":[0,0],"3":[0],"4":[0,0],"5":[0,0],"6":[0,0],"7":[0,0],"8":[0,0],"9":[0,0],"10":[0,0],"11":[0,0],"12":[0,0],"13":[0,0]}}
,"/home/rakriss/Rep_Dev/nourria/nourria-api/src/services/simulateur.ts": {"path":"/home/rakriss/Rep_Dev/nourria/nourria-api/src/services/simulateur.ts","statementMap":{"0":{"start":{"line":20,"column":0},"end":{"line":20,"column":7}},"1":{"start":{"line":1,"column":0},"end":{"line":1,"column":62}},"2":{"start":{"line":2,"column":0},"end":{"line":2,"column":48}},"3":{"start":{"line":24,"column":16},"end":{"line":24,"column":55}},"4":{"start":{"line":26,"column":19},"end":{"line":37,"column":5}},"5":{"start":{"line":26,"column":37},"end":{"line":37,"column":4}},"6":{"start":{"line":31,"column":43},"end":{"line":36,"column":6}},"7":{"start":{"line":39,"column":24},"end":{"line":58,"column":71}},"8":{"start":{"line":60,"column":22},"end":{"line":63,"column":38}},"9":{"start":{"line":65,"column":18},"end":{"line":65,"column":68}},"10":{"start":{"line":66,"column":19},"end":{"line":66,"column":71}},"11":{"start":{"line":68,"column":2},"end":{"line":72,"column":4}},"12":{"start":{"line":74,"column":2},"end":{"line":74,"column":18}}},"fnMap":{"0":{"name":"simuler","decl":{"start":{"line":20,"column":22},"end":{"line":20,"column":29}},"loc":{"start":{"line":22,"column":18},"end":{"line":75,"column":1}}},"1":{"name":"(anonymous_1)","decl":{"start":{"line":26,"column":29},"end":{"line":26,"column":30}},"loc":{"start":{"line":26,"column":37},"end":{"line":37,"column":4}}},"2":{"name":"(anonymous_2)","decl":{"start":{"line":31,"column":35},"end":{"line":31,"column":36}},"loc":{"start":{"line":31,"column":43},"end":{"line":36,"column":6}}}},"branchMap":{},"s":{"0":1,"1":1,"2":1,"3":4,"4":4,"5":4,"6":4,"7":4,"8":4,"9":4,"10":3,"11":3,"12":3},"f":{"0":4,"1":4,"2":4},"b":{}}
,"/home/rakriss/Rep_Dev/nourria/nourria-api/src/services/stocks.ts": {"path":"/home/rakriss/Rep_Dev/nourria/nourria-api/src/services/stocks.ts","statementMap":{"0":{"start":{"line":34,"column":0},"end":{"line":34,"column":7}},"1":{"start":{"line":1,"column":0},"end":{"line":1,"column":54}},"2":{"start":{"line":37,"column":13},"end":{"line":37,"column":32}},"3":{"start":{"line":40,"column":53},"end":{"line":52,"column":43}},"4":{"start":{"line":54,"column":2},"end":{"line":54,"column":81}},"5":{"start":{"line":54,"column":20},"end":{"line":54,"column":81}},"6":{"start":{"line":56,"column":30},"end":{"line":71,"column":4}},"7":{"start":{"line":57,"column":38},"end":{"line":57,"column":42}},"8":{"start":{"line":58,"column":4},"end":{"line":59,"column":61}},"9":{"start":{"line":58,"column":26},"end":{"line":58,"column":45}},"10":{"start":{"line":59,"column":9},"end":{"line":59,"column":61}},"11":{"start":{"line":59,"column":43},"end":{"line":59,"column":61}},"12":{"start":{"line":61,"column":4},"end":{"line":70,"column":6}},"13":{"start":{"line":74,"column":51},"end":{"line":77,"column":39}},"14":{"start":{"line":79,"column":2},"end":{"line":79,"column":84}},"15":{"start":{"line":79,"column":19},"end":{"line":79,"column":84}},"16":{"start":{"line":81,"column":40},"end":{"line":104,"column":4}},"17":{"start":{"line":82,"column":25},"end":{"line":82,"column":43}},"18":{"start":{"line":83,"column":4},"end":{"line":90,"column":5}},"19":{"start":{"line":84,"column":23},"end":{"line":84,"column":57}},"20":{"start":{"line":85,"column":24},"end":{"line":85,"column":42}},"21":{"start":{"line":86,"column":6},"end":{"line":86,"column":66}},"22":{"start":{"line":87,"column":6},"end":{"line":89,"column":8}},"23":{"start":{"line":92,"column":43},"end":{"line":92,"column":47}},"24":{"start":{"line":93,"column":4},"end":{"line":94,"column":54}},"25":{"start":{"line":93,"column":29},"end":{"line":93,"column":47}},"26":{"start":{"line":94,"column":9},"end":{"line":94,"column":54}},"27":{"start":{"line":94,"column":35},"end":{"line":94,"column":54}},"28":{"start":{"line":96,"column":4},"end":{"line":103,"column":6}},"29":{"start":{"line":106,"column":2},"end":{"line":111,"column":4}},"30":{"start":{"line":108,"column":40},"end":{"line":108,"column":57}},"31":{"start":{"line":110,"column":50},"end":{"line":110,"column":67}}},"fnMap":{"0":{"name":"getTableauBordOps","decl":{"start":{"line":34,"column":22},"end":{"line":34,"column":39}},"loc":{"start":{"line":35,"column":23},"end":{"line":112,"column":1}}},"1":{"name":"(anonymous_1)","decl":{"start":{"line":56,"column":54},"end":{"line":56,"column":55}},"loc":{"start":{"line":56,"column":65},"end":{"line":71,"column":3}}},"2":{"name":"(anonymous_2)","decl":{"start":{"line":81,"column":63},"end":{"line":81,"column":64}},"loc":{"start":{"line":81,"column":74},"end":{"line":104,"column":3}}},"3":{"name":"(anonymous_3)","decl":{"start":{"line":108,"column":33},"end":{"line":108,"column":34}},"loc":{"start":{"line":108,"column":40},"end":{"line":108,"column":57}}},"4":{"name":"(anonymous_4)","decl":{"start":{"line":110,"column":43},"end":{"line":110,"column":44}},"loc":{"start":{"line":110,"column":50},"end":{"line":110,"column":67}}}},"branchMap":{"0":{"loc":{"start":{"line":54,"column":2},"end":{"line":54,"column":81}},"type":"if","locations":[{"start":{"line":54,"column":2},"end":{"line":54,"column":81}},{"start":{},"end":{}}]},"1":{"loc":{"start":{"line":56,"column":31},"end":{"line":56,"column":48}},"type":"binary-expr","locations":[{"start":{"line":56,"column":31},"end":{"line":56,"column":42}},{"start":{"line":56,"column":46},"end":{"line":56,"column":48}}]},"2":{"loc":{"start":{"line":58,"column":4},"end":{"line":59,"column":61}},"type":"if","locations":[{"start":{"line":58,"column":4},"end":{"line":59,"column":61}},{"start":{"line":59,"column":9},"end":{"line":59,"column":61}}]},"3":{"loc":{"start":{"line":59,"column":9},"end":{"line":59,"column":61}},"type":"if","locations":[{"start":{"line":59,"column":9},"end":{"line":59,"column":61}},{"start":{},"end":{}}]},"4":{"loc":{"start":{"line":64,"column":22},"end":{"line":64,"column":53}},"type":"binary-expr","locations":[{"start":{"line":64,"column":22},"end":{"line":64,"column":40}},{"start":{"line":64,"column":44},"end":{"line":64,"column":53}}]},"5":{"loc":{"start":{"line":79,"column":2},"end":{"line":79,"column":84}},"type":"if","locations":[{"start":{"line":79,"column":2},"end":{"line":79,"column":84}},{"start":{},"end":{}}]},"6":{"loc":{"start":{"line":81,"column":41},"end":{"line":81,"column":57}},"type":"binary-expr","locations":[{"start":{"line":81,"column":41},"end":{"line":81,"column":51}},{"start":{"line":81,"column":55},"end":{"line":81,"column":57}}]},"7":{"loc":{"start":{"line":83,"column":4},"end":{"line":90,"column":5}},"type":"if","locations":[{"start":{"line":83,"column":4},"end":{"line":90,"column":5}},{"start":{},"end":{}}]},"8":{"loc":{"start":{"line":93,"column":4},"end":{"line":94,"column":54}},"type":"if","locations":[{"start":{"line":93,"column":4},"end":{"line":94,"column":54}},{"start":{"line":94,"column":9},"end":{"line":94,"column":54}}]},"9":{"loc":{"start":{"line":94,"column":9},"end":{"line":94,"column":54}},"type":"if","locations":[{"start":{"line":94,"column":9},"end":{"line":94,"column":54}},{"start":{},"end":{}}]}},"s":{"0":0,"1":0,"2":0,"3":0,"4":0,"5":0,"6":0,"7":0,"8":0,"9":0,"10":0,"11":0,"12":0,"13":0,"14":0,"15":0,"16":0,"17":0,"18":0,"19":0,"20":0,"21":0,"22":0,"23":0,"24":0,"25":0,"26":0,"27":0,"28":0,"29":0,"30":0,"31":0},"f":{"0":0,"1":0,"2":0,"3":0,"4":0},"b":{"0":[0,0],"1":[0,0],"2":[0,0],"3":[0,0],"4":[0,0],"5":[0,0],"6":[0,0],"7":[0,0],"8":[0,0],"9":[0,0]}}
,"/home/rakriss/Rep_Dev/nourria/nourria-api/src/utils/claude.ts": {"path":"/home/rakriss/Rep_Dev/nourria/nourria-api/src/utils/claude.ts","statementMap":{"0":{"start":{"line":5,"column":0},"end":{"line":5,"column":16}},"1":{"start":{"line":28,"column":0},"end":{"line":28,"column":7}},"2":{"start":{"line":56,"column":0},"end":{"line":56,"column":7}},"3":{"start":{"line":99,"column":0},"end":{"line":99,"column":16}},"4":{"start":{"line":1,"column":0},"end":{"line":1,"column":42}},"5":{"start":{"line":3,"column":32},"end":{"line":3,"column":36}},"6":{"start":{"line":6,"column":2},"end":{"line":12,"column":3}},"7":{"start":{"line":7,"column":19},"end":{"line":7,"column":48}},"8":{"start":{"line":8,"column":4},"end":{"line":10,"column":5}},"9":{"start":{"line":9,"column":6},"end":{"line":9,"column":73}},"10":{"start":{"line":11,"column":4},"end":{"line":11,"column":40}},"11":{"start":{"line":13,"column":2},"end":{"line":13,"column":17}},"12":{"start":{"line":33,"column":17},"end":{"line":33,"column":34}},"13":{"start":{"line":34,"column":16},"end":{"line":34,"column":26}},"14":{"start":{"line":36,"column":18},"end":{"line":41,"column":4}},"15":{"start":{"line":43,"column":18},"end":{"line":46,"column":13}},"16":{"start":{"line":44,"column":19},"end":{"line":44,"column":36}},"17":{"start":{"line":45,"column":17},"end":{"line":45,"column":58}},"18":{"start":{"line":48,"column":2},"end":{"line":53,"column":4}},"19":{"start":{"line":62,"column":17},"end":{"line":62,"column":34}},"20":{"start":{"line":63,"column":16},"end":{"line":63,"column":26}},"21":{"start":{"line":65,"column":18},"end":{"line":83,"column":4}},"22":{"start":{"line":85,"column":18},"end":{"line":88,"column":13}},"23":{"start":{"line":86,"column":19},"end":{"line":86,"column":36}},"24":{"start":{"line":87,"column":17},"end":{"line":87,"column":58}},"25":{"start":{"line":90,"column":2},"end":{"line":95,"column":4}},"26":{"start":{"line":101,"column":2},"end":{"line":103,"column":12}},"27":{"start":{"line":102,"column":4},"end":{"line":102,"column":39}},"28":{"start":{"line":106,"column":20},"end":{"line":106,"column":60}},"29":{"start":{"line":107,"column":2},"end":{"line":111,"column":3}},"30":{"start":{"line":108,"column":4},"end":{"line":110,"column":14}},"31":{"start":{"line":109,"column":6},"end":{"line":109,"column":50}},"32":{"start":{"line":114,"column":20},"end":{"line":114,"column":55}},"33":{"start":{"line":115,"column":2},"end":{"line":119,"column":3}},"34":{"start":{"line":116,"column":4},"end":{"line":118,"column":14}},"35":{"start":{"line":117,"column":6},"end":{"line":117,"column":50}},"36":{"start":{"line":122,"column":19},"end":{"line":122,"column":57}},"37":{"start":{"line":123,"column":2},"end":{"line":127,"column":3}},"38":{"start":{"line":124,"column":4},"end":{"line":126,"column":14}},"39":{"start":{"line":125,"column":6},"end":{"line":125,"column":49}},"40":{"start":{"line":129,"column":2},"end":{"line":129,"column":83}}},"fnMap":{"0":{"name":"getClaudeClient","decl":{"start":{"line":5,"column":16},"end":{"line":5,"column":31}},"loc":{"start":{"line":5,"column":31},"end":{"line":14,"column":1}}},"1":{"name":"callClaude","decl":{"start":{"line":28,"column":22},"end":{"line":28,"column":32}},"loc":{"start":{"line":31,"column":18},"end":{"line":54,"column":1}}},"2":{"name":"(anonymous_3)","decl":{"start":{"line":44,"column":12},"end":{"line":44,"column":13}},"loc":{"start":{"line":44,"column":19},"end":{"line":44,"column":36}}},"3":{"name":"(anonymous_4)","decl":{"start":{"line":45,"column":9},"end":{"line":45,"column":10}},"loc":{"start":{"line":45,"column":17},"end":{"line":45,"column":58}}},"4":{"name":"callClaudeVision","decl":{"start":{"line":56,"column":22},"end":{"line":56,"column":38}},"loc":{"start":{"line":60,"column":18},"end":{"line":96,"column":1}}},"5":{"name":"(anonymous_6)","decl":{"start":{"line":86,"column":12},"end":{"line":86,"column":13}},"loc":{"start":{"line":86,"column":19},"end":{"line":86,"column":36}}},"6":{"name":"(anonymous_7)","decl":{"start":{"line":87,"column":9},"end":{"line":87,"column":10}},"loc":{"start":{"line":87,"column":17},"end":{"line":87,"column":58}}},"7":{"name":"parseClaudeJson","decl":{"start":{"line":99,"column":16},"end":{"line":99,"column":31}},"loc":{"start":{"line":99,"column":46},"end":{"line":130,"column":1}}}},"branchMap":{"0":{"loc":{"start":{"line":6,"column":2},"end":{"line":12,"column":3}},"type":"if","locations":[{"start":{"line":6,"column":2},"end":{"line":12,"column":3}},{"start":{},"end":{}}]},"1":{"loc":{"start":{"line":8,"column":4},"end":{"line":10,"column":5}},"type":"if","locations":[{"start":{"line":8,"column":4},"end":{"line":10,"column":5}},{"start":{},"end":{}}]},"2":{"loc":{"start":{"line":8,"column":8},"end":{"line":8,"column":47}},"type":"binary-expr","locations":[{"start":{"line":8,"column":8},"end":{"line":8,"column":15}},{"start":{"line":8,"column":19},"end":{"line":8,"column":47}}]},"3":{"loc":{"start":{"line":31,"column":2},"end":{"line":31,"column":18}},"type":"default-arg","locations":[{"start":{"line":31,"column":14},"end":{"line":31,"column":18}}]},"4":{"loc":{"start":{"line":37,"column":11},"end":{"line":37,"column":61}},"type":"binary-expr","locations":[{"start":{"line":37,"column":11},"end":{"line":37,"column":38}},{"start":{"line":37,"column":42},"end":{"line":37,"column":61}}]},"5":{"loc":{"start":{"line":60,"column":2},"end":{"line":60,"column":18}},"type":"default-arg","locations":[{"start":{"line":60,"column":14},"end":{"line":60,"column":18}}]},"6":{"loc":{"start":{"line":66,"column":11},"end":{"line":66,"column":61}},"type":"binary-expr","locations":[{"start":{"line":66,"column":11},"end":{"line":66,"column":38}},{"start":{"line":66,"column":42},"end":{"line":66,"column":61}}]},"7":{"loc":{"start":{"line":107,"column":2},"end":{"line":111,"column":3}},"type":"if","locations":[{"start":{"line":107,"column":2},"end":{"line":111,"column":3}},{"start":{},"end":{}}]},"8":{"loc":{"start":{"line":115,"column":2},"end":{"line":119,"column":3}},"type":"if","locations":[{"start":{"line":115,"column":2},"end":{"line":119,"column":3}},{"start":{},"end":{}}]},"9":{"loc":{"start":{"line":123,"column":2},"end":{"line":127,"column":3}},"type":"if","locations":[{"start":{"line":123,"column":2},"end":{"line":127,"column":3}},{"start":{},"end":{}}]}},"s":{"0":0,"1":0,"2":0,"3":0,"4":0,"5":0,"6":0,"7":0,"8":0,"9":0,"10":0,"11":0,"12":0,"13":0,"14":0,"15":0,"16":0,"17":0,"18":0,"19":0,"20":0,"21":0,"22":0,"23":0,"24":0,"25":0,"26":0,"27":0,"28":0,"29":0,"30":0,"31":0,"32":0,"33":0,"34":0,"35":0,"36":0,"37":0,"38":0,"39":0,"40":0},"f":{"0":0,"1":0,"2":0,"3":0,"4":0,"5":0,"6":0,"7":0},"b":{"0":[0,0],"1":[0,0],"2":[0,0],"3":[0],"4":[0,0],"5":[0],"6":[0,0],"7":[0,0],"8":[0,0],"9":[0,0]}}
,"/home/rakriss/Rep_Dev/nourria/nourria-api/src/utils/supabase.ts": {"path":"/home/rakriss/Rep_Dev/nourria/nourria-api/src/utils/supabase.ts","statementMap":{"0":{"start":{"line":5,"column":0},"end":{"line":5,"column":16}},"1":{"start":{"line":1,"column":0},"end":{"line":1,"column":53}},"2":{"start":{"line":3,"column":19},"end":{"line":3,"column":23}},"3":{"start":{"line":6,"column":2},"end":{"line":13,"column":3}},"4":{"start":{"line":7,"column":16},"end":{"line":7,"column":40}},"5":{"start":{"line":8,"column":16},"end":{"line":8,"column":53}},"6":{"start":{"line":9,"column":4},"end":{"line":11,"column":5}},"7":{"start":{"line":10,"column":6},"end":{"line":10,"column":97}},"8":{"start":{"line":12,"column":4},"end":{"line":12,"column":37}},"9":{"start":{"line":14,"column":2},"end":{"line":14,"column":17}}},"fnMap":{"0":{"name":"getSupabaseClient","decl":{"start":{"line":5,"column":16},"end":{"line":5,"column":33}},"loc":{"start":{"line":5,"column":33},"end":{"line":15,"column":1}}}},"branchMap":{"0":{"loc":{"start":{"line":6,"column":2},"end":{"line":13,"column":3}},"type":"if","locations":[{"start":{"line":6,"column":2},"end":{"line":13,"column":3}},{"start":{},"end":{}}]},"1":{"loc":{"start":{"line":9,"column":4},"end":{"line":11,"column":5}},"type":"if","locations":[{"start":{"line":9,"column":4},"end":{"line":11,"column":5}},{"start":{},"end":{}}]},"2":{"loc":{"start":{"line":9,"column":8},"end":{"line":9,"column":20}},"type":"binary-expr","locations":[{"start":{"line":9,"column":8},"end":{"line":9,"column":12}},{"start":{"line":9,"column":16},"end":{"line":9,"column":20}}]}},"s":{"0":0,"1":0,"2":0,"3":0,"4":0,"5":0,"6":0,"7":0,"8":0,"9":0},"f":{"0":0},"b":{"0":[0,0],"1":[0,0],"2":[0,0]}}
}
