TN:
SF:src/__tests__/mocks.ts
FN:5,(anonymous_0)
FN:13,(anonymous_1)
FN:14,(anonymous_2)
FNF:3
FNH:3
FNDA:1,(anonymous_0)
FNDA:3,(anonymous_1)
FNDA:14,(anonymous_2)
DA:1,3
DA:2,3
DA:3,3
DA:5,3
DA:11,3
DA:13,3
DA:14,14
LF:7
LH:7
BRF:0
BRH:0
end_of_record
TN:
SF:src/middleware/errorHandler.ts
FN:4,(anonymous_0)
FN:15,(anonymous_1)
FN:21,(anonymous_2)
FN:32,errorHandler
FNF:4
FNH:0
FNDA:0,(anonymous_0)
FNDA:0,(anonymous_1)
FNDA:0,(anonymous_2)
FNDA:0,errorHandler
DA:3,0
DA:5,0
DA:7,0
DA:9,0
DA:10,0
DA:14,0
DA:16,0
DA:20,0
DA:22,0
DA:28,0
DA:32,0
DA:38,0
DA:39,0
DA:42,0
DA:44,0
DA:45,0
LF:16
LH:0
BRDA:7,0,0,0
BRDA:38,1,0,0
BRDA:38,1,1,0
BRDA:48,2,0,0
BRDA:48,2,1,0
BRF:5
BRH:0
end_of_record
TN:
SF:src/routes/admin.ts
FN:9,(anonymous_0)
FN:29,(anonymous_1)
FN:41,(anonymous_2)
FN:53,(anonymous_3)
FNF:4
FNH:0
FNDA:0,(anonymous_0)
FNDA:0,(anonymous_1)
FNDA:0,(anonymous_2)
FNDA:0,(anonymous_3)
DA:1,0
DA:2,0
DA:3,0
DA:4,0
DA:6,0
DA:9,0
DA:10,0
DA:12,0
DA:13,0
DA:14,0
DA:16,0
DA:25,0
DA:29,0
DA:30,0
DA:32,0
DA:33,0
DA:36,0
DA:37,0
DA:41,0
DA:42,0
DA:44,0
DA:45,0
DA:48,0
DA:49,0
DA:53,0
DA:54,0
DA:56,0
DA:58,0
DA:64,0
LF:29
LH:0
BRDA:12,0,0,0
BRDA:12,0,1,0
BRDA:13,1,0,0
BRDA:13,1,1,0
BRDA:14,2,0,0
BRDA:14,2,1,0
BRDA:20,3,0,0
BRDA:20,3,1,0
BRDA:21,4,0,0
BRDA:21,4,1,0
BRDA:32,5,0,0
BRDA:32,5,1,0
BRDA:32,6,0,0
BRDA:32,6,1,0
BRDA:44,7,0,0
BRDA:44,7,1,0
BRDA:44,8,0,0
BRDA:44,8,1,0
BRDA:56,9,0,0
BRDA:56,9,1,0
BRDA:60,10,0,0
BRDA:60,10,1,0
BRDA:61,11,0,0
BRDA:61,11,1,0
BRF:24
BRH:0
end_of_record
TN:
SF:src/routes/foodCost.ts
FN:8,(anonymous_0)
FN:18,(anonymous_1)
FNF:2
FNH:0
FNDA:0,(anonymous_0)
FNDA:0,(anonymous_1)
DA:1,0
DA:2,0
DA:3,0
DA:5,0
DA:8,0
DA:9,0
DA:11,0
DA:12,0
DA:15,0
DA:18,0
DA:19,0
DA:22,0
LF:12
LH:0
BRDA:11,0,0,0
BRDA:11,0,1,0
BRDA:11,1,0,0
BRDA:11,1,1,0
BRF:4
BRH:0
end_of_record
TN:
SF:src/routes/invoices.ts
FN:10,(anonymous_0)
FNF:1
FNH:0
FNDA:0,(anonymous_0)
DA:1,0
DA:2,0
DA:3,0
DA:6,0
DA:10,0
DA:11,0
DA:14,0
DA:15,0
DA:17,0
DA:18,0
DA:20,0
DA:21,0
DA:22,0
DA:28,0
DA:29,0
DA:30,0
DA:31,0
DA:34,0
DA:39,0
DA:41,0
LF:20
LH:0
BRDA:14,0,0,0
BRDA:14,0,1,0
BRDA:17,1,0,0
BRDA:17,1,1,0
BRDA:21,2,0,0
BRDA:21,2,1,0
BRDA:30,3,0,0
BRDA:30,3,1,0
BRF:8
BRH:0
end_of_record
TN:
SF:src/routes/ops.ts
FN:9,(anonymous_0)
FN:23,(anonymous_1)
FNF:2
FNH:0
FNDA:0,(anonymous_0)
FNDA:0,(anonymous_1)
DA:1,0
DA:2,0
DA:3,0
DA:4,0
DA:6,0
DA:9,0
DA:10,0
DA:12,0
DA:13,0
DA:16,0
DA:17,0
DA:19,0
DA:23,0
DA:24,0
DA:26,0
DA:27,0
DA:30,0
DA:32,0
LF:18
LH:0
BRDA:12,0,0,0
BRDA:12,0,1,0
BRDA:12,1,0,0
BRDA:12,1,1,0
BRDA:16,2,0,0
BRDA:16,2,1,0
BRDA:26,3,0,0
BRDA:26,3,1,0
BRDA:26,4,0,0
BRDA:26,4,1,0
BRF:10
BRH:0
end_of_record
TN:
SF:src/routes/simulateur.ts
FN:7,(anonymous_0)
FNF:1
FNH:0
FNDA:0,(anonymous_0)
DA:1,0
DA:2,0
DA:3,0
DA:5,0
DA:7,0
DA:8,0
DA:10,0
DA:11,0
DA:13,0
DA:14,0
DA:17,0
DA:19,0
LF:12
LH:0
BRDA:10,0,0,0
BRDA:10,0,1,0
BRDA:13,1,0,0
BRDA:13,1,1,0
BRDA:13,2,0,0
BRDA:13,2,1,0
BRDA:13,2,2,0
BRF:7
BRH:0
end_of_record
TN:
SF:src/services/foodCost.ts
FN:28,getFoodCostParPlat
FN:61,(anonymous_1)
FN:63,(anonymous_2)
FN:64,(anonymous_3)
FN:79,(anonymous_4)
FN:101,(anonymous_5)
FN:106,sauvegarderSnapshot
FN:111,(anonymous_7)
FNF:8
FNH:6
FNDA:9,getFoodCostParPlat
FNDA:11,(anonymous_1)
FNDA:16,(anonymous_2)
FNDA:16,(anonymous_3)
FNDA:16,(anonymous_4)
FNDA:3,(anonymous_5)
FNDA:0,sauvegarderSnapshot
FNDA:0,(anonymous_7)
DA:1,2
DA:28,2
DA:32,9
DA:35,9
DA:58,9
DA:59,8
DA:61,8
DA:62,11
DA:63,16
DA:65,16
DA:68,16
DA:78,11
DA:79,16
DA:81,11
DA:82,11
DA:85,11
DA:87,11
DA:101,8
DA:106,2
DA:109,0
DA:111,0
DA:117,0
DA:118,0
LF:23
LH:19
BRDA:30,0,0,8
BRDA:58,1,0,1
BRDA:58,1,1,8
BRDA:59,2,0,0
BRDA:59,2,1,8
BRDA:62,3,0,11
BRDA:62,3,1,0
BRDA:82,4,0,11
BRDA:82,4,1,0
BRDA:118,5,0,0
BRDA:118,5,1,0
BRF:11
BRH:6
end_of_record
TN:
SF:src/services/haccp.ts
FN:27,creerReleve
FN:62,getBilanHaccp
FN:83,(anonymous_2)
FN:99,getHistoriqueHaccp
FN:127,(anonymous_4)
FNF:5
FNH:3
FNDA:3,creerReleve
FNDA:2,getBilanHaccp
FNDA:3,(anonymous_2)
FNDA:0,getHistoriqueHaccp
FNDA:0,(anonymous_4)
DA:1,1
DA:27,1
DA:35,3
DA:37,3
DA:50,3
DA:52,2
DA:57,2
DA:62,1
DA:66,2
DA:68,2
DA:69,2
DA:70,2
DA:72,2
DA:80,2
DA:82,2
DA:83,3
DA:85,2
DA:99,1
DA:103,0
DA:105,0
DA:109,0
DA:116,0
DA:119,0
DA:120,0
DA:121,0
DA:122,0
DA:123,0
DA:124,0
DA:127,0
LF:29
LH:18
BRDA:45,0,0,3
BRDA:45,0,1,2
BRDA:50,1,0,1
BRDA:50,1,1,2
BRDA:54,2,0,1
BRDA:54,2,1,1
BRDA:68,3,0,2
BRDA:68,3,1,2
BRDA:80,4,0,0
BRDA:80,4,1,2
BRDA:82,5,0,2
BRDA:82,5,1,0
BRDA:90,6,0,1
BRDA:90,6,1,1
BRDA:101,7,0,0
BRDA:116,8,0,0
BRDA:116,8,1,0
BRDA:120,9,0,0
BRDA:120,9,1,0
BRDA:122,10,0,0
BRDA:122,10,1,0
BRDA:124,11,0,0
BRDA:124,11,1,0
BRF:23
BRH:12
end_of_record
TN:
SF:src/services/invoiceExtractor.ts
FN:57,extractInvoice
FNF:1
FNH:0
FNDA:0,extractInvoice
DA:1,0
DA:2,0
DA:27,0
DA:34,0
DA:57,0
DA:60,0
DA:68,0
DA:73,0
DA:74,0
DA:76,0
DA:77,0
DA:81,0
DA:82,0
DA:85,0
DA:92,0
LF:15
LH:0
BRDA:73,0,0,0
BRDA:73,0,1,0
BRDA:76,1,0,0
BRDA:76,1,1,0
BRDA:81,2,0,0
BRDA:81,2,1,0
BRDA:81,3,0,0
BRDA:81,3,1,0
BRF:8
BRH:0
end_of_record
TN:
SF:src/services/planning.ts
FN:26,heureEnMinutes
FN:31,dureeHeures
FN:35,numeroSemaine
FN:45,genererPlanning
FN:91,(anonymous_4)
FN:102,(anonymous_5)
FN:103,(anonymous_6)
FN:118,(anonymous_7)
FN:144,(anonymous_8)
FN:150,(anonymous_9)
FNF:10
FNH:0
FNDA:0,heureEnMinutes
FNDA:0,dureeHeures
FNDA:0,numeroSemaine
FNDA:0,genererPlanning
FNDA:0,(anonymous_4)
FNDA:0,(anonymous_5)
FNDA:0,(anonymous_6)
FNDA:0,(anonymous_7)
FNDA:0,(anonymous_8)
FNDA:0,(anonymous_9)
DA:1,0
DA:2,0
DA:27,0
DA:28,0
DA:32,0
DA:36,0
DA:37,0
DA:38,0
DA:39,0
DA:40,0
DA:45,0
DA:50,0
DA:52,0
DA:53,0
DA:54,0
DA:57,0
DA:62,0
DA:63,0
DA:64,0
DA:67,0
DA:89,0
DA:91,0
DA:98,0
DA:99,0
DA:102,0
DA:103,0
DA:104,0
DA:115,0
DA:116,0
DA:117,0
DA:118,0
DA:119,0
DA:120,0
DA:121,0
DA:122,0
DA:127,0
DA:139,0
DA:142,0
DA:143,0
DA:144,0
DA:150,0
DA:154,0
DA:160,0
LF:43
LH:0
BRDA:38,0,0,0
BRDA:38,0,1,0
BRDA:53,1,0,0
BRDA:53,1,1,0
BRDA:54,2,0,0
BRDA:54,2,1,0
BRDA:62,3,0,0
BRDA:62,3,1,0
BRDA:63,4,0,0
BRDA:63,4,1,0
BRDA:63,5,0,0
BRDA:63,5,1,0
BRDA:106,6,0,0
BRDA:106,6,1,0
BRDA:107,7,0,0
BRDA:107,7,1,0
BRDA:119,8,0,0
BRDA:119,8,1,0
BRDA:139,9,0,0
BRDA:139,9,1,0
BRDA:150,10,0,0
BRDA:150,10,1,0
BRF:22
BRH:0
end_of_record
TN:
SF:src/services/previsions.ts
FN:24,niveauRush
FN:33,getPrevisions
FN:60,moyennePonderee
FN:64,(anonymous_3)
FNF:4
FNH:0
FNDA:0,niveauRush
FNDA:0,getPrevisions
FNDA:0,moyennePonderee
FNDA:0,(anonymous_3)
DA:1,0
DA:22,0
DA:25,0
DA:26,0
DA:27,0
DA:28,0
DA:33,0
DA:37,0
DA:40,0
DA:47,0
DA:48,0
DA:51,0
DA:52,0
DA:53,0
DA:54,0
DA:55,0
DA:56,0
DA:61,0
DA:62,0
DA:63,0
DA:64,0
DA:65,0
DA:66,0
DA:67,0
DA:69,0
DA:73,0
DA:74,0
DA:76,0
DA:77,0
DA:78,0
DA:79,0
DA:80,0
DA:82,0
DA:84,0
DA:85,0
DA:86,0
DA:87,0
DA:88,0
DA:90,0
DA:100,0
DA:107,0
LF:41
LH:0
BRDA:25,0,0,0
BRDA:25,0,1,0
BRDA:26,1,0,0
BRDA:26,1,1,0
BRDA:27,2,0,0
BRDA:27,2,1,0
BRDA:35,3,0,0
BRDA:47,4,0,0
BRDA:47,4,1,0
BRDA:48,5,0,0
BRDA:48,5,1,0
BRDA:48,6,0,0
BRDA:48,6,1,0
BRDA:54,7,0,0
BRDA:54,7,1,0
BRDA:55,8,0,0
BRDA:55,8,1,0
BRDA:61,9,0,0
BRDA:61,9,1,0
BRDA:85,10,0,0
BRDA:85,10,1,0
BRDA:86,11,0,0
BRDA:86,11,1,0
BRDA:87,12,0,0
BRDA:87,12,1,0
BRDA:88,13,0,0
BRDA:88,13,1,0
BRF:27
BRH:0
end_of_record
TN:
SF:src/services/simulateur.ts
FN:20,simuler
FN:26,(anonymous_1)
FN:31,(anonymous_2)
FNF:3
FNH:3
FNDA:4,simuler
FNDA:4,(anonymous_1)
FNDA:4,(anonymous_2)
DA:1,1
DA:2,1
DA:20,1
DA:24,4
DA:26,4
DA:31,4
DA:39,4
DA:60,4
DA:65,4
DA:66,3
DA:68,3
DA:74,3
LF:12
LH:12
BRF:0
BRH:0
end_of_record
TN:
SF:src/services/stocks.ts
FN:34,getTableauBordOps
FN:56,(anonymous_1)
FN:81,(anonymous_2)
FN:108,(anonymous_3)
FN:110,(anonymous_4)
FNF:5
FNH:0
FNDA:0,getTableauBordOps
FNDA:0,(anonymous_1)
FNDA:0,(anonymous_2)
FNDA:0,(anonymous_3)
FNDA:0,(anonymous_4)
DA:1,0
DA:34,0
DA:37,0
DA:40,0
DA:54,0
DA:56,0
DA:57,0
DA:58,0
DA:59,0
DA:61,0
DA:74,0
DA:79,0
DA:81,0
DA:82,0
DA:83,0
DA:84,0
DA:85,0
DA:86,0
DA:87,0
DA:92,0
DA:93,0
DA:94,0
DA:96,0
DA:106,0
DA:108,0
DA:110,0
LF:26
LH:0
BRDA:54,0,0,0
BRDA:54,0,1,0
BRDA:56,1,0,0
BRDA:56,1,1,0
BRDA:58,2,0,0
BRDA:58,2,1,0
BRDA:59,3,0,0
BRDA:59,3,1,0
BRDA:64,4,0,0
BRDA:64,4,1,0
BRDA:79,5,0,0
BRDA:79,5,1,0
BRDA:81,6,0,0
BRDA:81,6,1,0
BRDA:83,7,0,0
BRDA:83,7,1,0
BRDA:93,8,0,0
BRDA:93,8,1,0
BRDA:94,9,0,0
BRDA:94,9,1,0
BRF:20
BRH:0
end_of_record
TN:
SF:src/utils/claude.ts
FN:5,getClaudeClient
FN:28,callClaude
FN:44,(anonymous_3)
FN:45,(anonymous_4)
FN:56,callClaudeVision
FN:86,(anonymous_6)
FN:87,(anonymous_7)
FN:99,parseClaudeJson
FNF:8
FNH:0
FNDA:0,getClaudeClient
FNDA:0,callClaude
FNDA:0,(anonymous_3)
FNDA:0,(anonymous_4)
FNDA:0,callClaudeVision
FNDA:0,(anonymous_6)
FNDA:0,(anonymous_7)
FNDA:0,parseClaudeJson
DA:1,0
DA:3,0
DA:5,0
DA:6,0
DA:7,0
DA:8,0
DA:9,0
DA:11,0
DA:13,0
DA:28,0
DA:33,0
DA:34,0
DA:36,0
DA:43,0
DA:44,0
DA:45,0
DA:48,0
DA:56,0
DA:62,0
DA:63,0
DA:65,0
DA:85,0
DA:86,0
DA:87,0
DA:90,0
DA:99,0
DA:101,0
DA:102,0
DA:106,0
DA:107,0
DA:108,0
DA:109,0
DA:114,0
DA:115,0
DA:116,0
DA:117,0
DA:122,0
DA:123,0
DA:124,0
DA:125,0
DA:129,0
LF:41
LH:0
BRDA:6,0,0,0
BRDA:6,0,1,0
BRDA:8,1,0,0
BRDA:8,1,1,0
BRDA:8,2,0,0
BRDA:8,2,1,0
BRDA:31,3,0,0
BRDA:37,4,0,0
BRDA:37,4,1,0
BRDA:60,5,0,0
BRDA:66,6,0,0
BRDA:66,6,1,0
BRDA:107,7,0,0
BRDA:107,7,1,0
BRDA:115,8,0,0
BRDA:115,8,1,0
BRDA:123,9,0,0
BRDA:123,9,1,0
BRF:18
BRH:0
end_of_record
TN:
SF:src/utils/supabase.ts
FN:5,getSupabaseClient
FNF:1
FNH:0
FNDA:0,getSupabaseClient
DA:1,0
DA:3,0
DA:5,0
DA:6,0
DA:7,0
DA:8,0
DA:9,0
DA:10,0
DA:12,0
DA:14,0
LF:10
LH:0
BRDA:6,0,0,0
BRDA:6,0,1,0
BRDA:9,1,0,0
BRDA:9,1,1,0
BRDA:9,2,0,0
BRDA:9,2,1,0
BRF:6
BRH:0
end_of_record
